make all --print-data-base --no-builtin-variables --no-builtin-rules --question
# GNU Make 3.81
# Copyright (C) 2006  Free Software Foundation, Inc.
# This is free software; see the source for copying conditions.
# There is NO warranty; not even for MERCHANTABILITY or FITNESS FOR A
# PARTICULAR PURPOSE.

# This program built for i386-apple-darwin11.3.0
 
make: *** No rule to make target `all'.  Stop.


# Make data base, printed on Tue Sep  6 12:58:38 2022

# Variables

# automatic
<D = $(patsubst %/,%,$(dir $<))
# environment
NVM_IOJS_ORG_MIRROR = https://iojs.org/dist
# automatic
?F = $(notdir $?)
# environment
ELECTRON_NO_ATTACH_CONSOLE = 1
# environment
PROVIDE_FULLSTACK_ACTION = true
# environment
LC_CTYPE = UTF-8
# automatic
?D = $(patsubst %/,%,$(dir $?))
# automatic
@D = $(patsubst %/,%,$(dir $@))
# automatic
@F = $(notdir $@)
# makefile
CURDIR := /Users/kudiadmin/Desktop/personal/payment-service
# makefile
SHELL = /bin/sh
# environment
VSCODE_NLS_CONFIG = {"locale":"en-gb","availableLanguages":{},"_languagePackSupport":true}
# environment
_ = /usr/bin/make
# environment
MAVEN_HOME = /Users/kudiadmin/.sdkman/candidates/maven/current
# makefile (from `Makefile', line 1)
MAKEFILE_LIST :=  Makefile
# environment
WALLABY_PRODUCTION = true
# environment
__CFBundleIdentifier = com.microsoft.VSCode
# environment
VSCODE_CWD = /Users/kudiadmin/Desktop/personal/payment-service
# environment
PATH = /usr/local/opt/libpq/bin:/usr/local/opt/python@3.7/bin:/usr/local/sbin:/Users/kudiadmin/.sdkman/candidates/maven/current/bin:/Users/kudiadmin/.sdkman/candidates/java/current/bin:/Users/kudiadmin/.nvm/versions/node/v14.18.0/bin:/Users/kudiadmin/.deno/bin:/opt/local/bin:/opt/local/sbin:/usr/local/bin:/usr/bin:/bin:/usr/sbin:/sbin:/usr/local/go/bin:/Users/kudiadmin/.cargo/bin:/Users/kudiadmin/go/bin
# environment
LSCOLORS = Gxfxcxdxbxegedabagacad
# environment
GOLANG_EXECUTABLE = go
# environment
THREE_SCALE_USER_TOKEN = 207c527cfc2a6b8dcf4fa43ad7a976da
# environment
SDKMAN_CANDIDATES_API = https://api.sdkman.io/2
# environment
GOPATH = /Users/kudiadmin/go
# environment
NVM_BIN = /Users/kudiadmin/.nvm/versions/node/v14.18.0/bin
# environment
LaunchInstanceID = A36707C7-A9E8-4E02-9BAB-C8EBE9975719
# environment
SDKMAN_PLATFORM = darwinx64
# environment
ELECTRON_RUN_AS_NODE = 1
# default
.FEATURES := target-specific order-only second-expansion else-if archives jobserver check-symlink
# environment
UUID = 1ba1b8b3-a016-46f3-bc52-d3cc68729a2f
# environment
SSH_AUTH_SOCK = /private/tmp/com.apple.launchd.WzkffLEYvb/Listeners
# automatic
%F = $(notdir $%)
# environment
GOBIN = /Users/kudiadmin/go/bin
# environment
SDKMAN_DIR = /Users/kudiadmin/.sdkman
# environment
PWD = /Users/kudiadmin/Desktop/personal/payment-service
# environment
ORIGINAL_XDG_CURRENT_DESKTOP = undefined
# environment
MANPATH = /Users/kudiadmin/.nvm/versions/node/v14.18.0/share/man:/opt/local/share/man:/usr/local/share/man:/usr/share/man:/Library/Apple/usr/share/man:/Library/Developer/CommandLineTools/SDKs/MacOSX12.3.sdk/usr/share/man:/Library/Developer/CommandLineTools/usr/share/man
# environment
VSCODE_AMD_ENTRYPOINT = vs/workbench/api/node/extensionHostProcess
# environment
HOME = /Users/kudiadmin
# default
MAKEFILEPATH = $(shell /usr/bin/xcode-select -print-path 2>/dev/null || echo /Developer)/Makefiles
# environment
VSCODE_CLI = 1
# environment
VSCODE_CODE_CACHE_PATH = /Users/kudiadmin/Library/Application Support/Code/CachedData/e4503b30fc78200f846c62cf8091b76ff5547662
# environment
LOGNAME = kudiadmin
# environment
APPLICATION_INSIGHTS_NO_DIAGNOSTIC_CHANNEL = 1
# environment
NVM_CD_FLAGS = -q
# environment
TELEMETRY_ID = 035a439c-dca4-4452-a8c1-c718ec316c7d
# environment
ZSH = /Users/kudiadmin/.oh-my-zsh
# environment
VSCODE_HANDLES_UNCAUGHT_ERRORS = true
# automatic
^D = $(patsubst %/,%,$(dir $^))
# environment
XPC_FLAGS = 0x0
# environment
SDKMAN_VERSION = 5.15.0
# default
MAKE = $(MAKE_COMMAND)
# default
MAKECMDGOALS := all
# environment
SHLVL = 3
# makefile (from `Makefile', line 1)
env_name = payment-service
# environment
JAVA_HOME = /Users/kudiadmin/.sdkman/candidates/java/current
# default
MAKE_VERSION := 3.81
# environment
USER = kudiadmin
# makefile
.DEFAULT_GOAL := create_enviroment
# environment
TERM_SESSION_ID = 3FA3B5EC-38E3-4090-892C-8C6FF761DE0B
# environment
LESS = -R
# automatic
%D = $(patsubst %/,%,$(dir $%))
# default
MAKE_COMMAND := /Library/Developer/CommandLineTools/usr/bin/make
# environment
UTM_SOURCE = vscode
# environment
TERM_PROGRAM = Apple_Terminal
# default
.VARIABLES := 
# environment
TMPDIR = /var/folders/8g/mtww4t2d09790ccg46blmdgh0000gp/T/
# automatic
*F = $(notdir $*)
# environment
VSCODE_IPC_HOOK = /Users/kudiadmin/Library/Application Support/Code/1.70.2-main.sock
# environment
MallocNanoZone = 0
# makefile
MAKEFLAGS = Rrqp
# environment
MFLAGS = -Rrqp
# automatic
*D = $(patsubst %/,%,$(dir $*))
# environment
TERM_PROGRAM_VERSION = 445
# environment
NVM_DIR = /Users/kudiadmin/.nvm
# environment
XPC_SERVICE_NAME = application.com.microsoft.VSCode.22811469.22811475.E9AD2D9F-537C-489E-AFC3-849DC2C9E98E
# automatic
+D = $(patsubst %/,%,$(dir $+))
# environment
RECOMMENDER_API_URL = https://gw.api.openshift.io//api/v2
# automatic
+F = $(notdir $+)
# environment
DENO_INSTALL = /Users/kudiadmin/.deno
# environment
__CF_USER_TEXT_ENCODING = 0x1F6:0x0:0x0
# environment
COMMAND_MODE = unix2003
# default
MAKEFILES := 
# automatic
<F = $(notdir $<)
# environment
SDKMAN_CANDIDATES_DIR = /Users/kudiadmin/.sdkman/candidates
# environment
PAGER = less
# environment
LC_ALL = C
# environment
NVM_NODEJS_ORG_MIRROR = https://nodejs.org/dist
# environment
SECURITYSESSIONID = 186a5
# automatic
^F = $(notdir $^)
# default
SUFFIXES := 
# default
.INCLUDE_DIRS = /usr/local/include
# environment
MAKELEVEL := 0
# environment
LANG = C
# environment
TERM = xterm-256color
# environment
VSCODE_PID = 511
# variable set hash-table stats:
# Load=96/1024=9%, Rehash=0, Collisions=5/120=4%

# Pattern-specific Variable Values

# No pattern-specific variable values.

# Directories

# . (device 16777221, inode 17384950): 13 files, no impossibilities.

# 13 files, no impossibilities in 1 directories.

# Implicit Rules

# No implicit rules.

# Files

# Not a target:
all:
#  Command-line target.
#  Implicit rule search has been done.
#  File does not exist.
#  File has not been updated.
# variable set hash-table stats:
# Load=0/32=0%, Rehash=0, Collisions=0/0=0%

# Not a target:
.SUFFIXES:
#  Implicit rule search has not been done.
#  Modification time never checked.
#  File has not been updated.

# Not a target:
Makefile:
#  Implicit rule search has been done.
#  Last modified 2022-07-02 17:46:16
#  File has been updated.
#  Successfully updated.
# variable set hash-table stats:
# Load=0/32=0%, Rehash=0, Collisions=0/0=0%

setup_environment:
#  Implicit rule search has not been done.
#  Modification time never checked.
#  File has not been updated.
#  commands to execute (from `Makefile', line 9):
	@echo "ðŸŽ¯ setting up environment"
	#source  ~/.${env_name}/bin/activate
	

install_deps:
#  Implicit rule search has not been done.
#  Modification time never checked.
#  File has not been updated.
#  commands to execute (from `Makefile', line 13):
	@echo "ðŸ installing required dependencies"
	# python3 -m pip install --upgrade pip
	pip3 install -r requirements.txt
	

# Not a target:
.DEFAULT:
#  Implicit rule search has not been done.
#  Modification time never checked.
#  File has not been updated.

create_enviroment:
#  Implicit rule search has not been done.
#  Modification time never checked.
#  File has not been updated.
#  commands to execute (from `Makefile', line 4):
	@echo "ðŸŽ¡ creating environment ..."
	python3 -m venv ~/.${env_name}
	

# files hash-table stats:
# Load=7/1024=1%, Rehash=0, Collisions=0/19=0%
# VPATH Search Paths

# No `vpath' search paths.

# No general (`VPATH' variable) search path.

# # of strings in strcache: 1
# # of strcache buffers: 1
# strcache size: total = 4096 / max = 4096 / min = 4096 / avg = 4096
# strcache free: total = 4087 / max = 4087 / min = 4087 / avg = 4087

# Finished Make data base on Tue Sep  6 12:58:38 2022

 
